<?xml version="1.0" encoding="UTF-8"?>
<testng-results skipped="0" failed="0" ignored="0" total="1" passed="1">
  <reporter-output>
  </reporter-output>
  <suite name="Suite" duration-ms="25265" started-at="2020-05-27T09:42:36Z" finished-at="2020-05-27T09:43:01Z">
    <groups>
      <group name="cucumber">
        <method signature="AbstractTestNGCucumberTests.runScenario(io.cucumber.testng.PickleWrapper, io.cucumber.testng.FeatureWrapper)[pri:0, instance:parallel.TestRunnerParallel@176d53b2]" name="runScenario" class="io.cucumber.testng.AbstractTestNGCucumberTests"/>
      </group> <!-- cucumber -->
    </groups>
    <test name="Test" duration-ms="25265" started-at="2020-05-27T09:42:36Z" finished-at="2020-05-27T09:43:01Z">
      <class name="parallel.TestRunnerParallel">
        <test-method status="PASS" signature="setUpClass()[pri:0, instance:parallel.TestRunnerParallel@176d53b2]" name="setUpClass" is-config="true" duration-ms="408" started-at="2020-05-27T09:42:36Z" finished-at="2020-05-27T09:42:36Z">
          <reporter-output>
          </reporter-output>
        </test-method> <!-- setUpClass -->
        <test-method status="PASS" signature="runScenario(io.cucumber.testng.PickleWrapper, io.cucumber.testng.FeatureWrapper)[pri:0, instance:parallel.TestRunnerParallel@176d53b2]" name="runScenario" duration-ms="24115" started-at="2020-05-27T09:42:36Z" description="Runs Cucumber Scenarios" data-provider="scenarios" finished-at="2020-05-27T09:43:01Z">
          <params>
            <param index="0">
              <value>
                <![CDATA["Search Validation with Lego"]]>
              </value>
            </param>
            <param index="1">
              <value>
                <![CDATA["Search Feature on Amazon.com"]]>
              </value>
            </param>
          </params>
          <reporter-output>
          </reporter-output>
        </test-method> <!-- runScenario -->
        <test-method status="PASS" signature="tearDownClass()[pri:0, instance:parallel.TestRunnerParallel@176d53b2]" name="tearDownClass" is-config="true" duration-ms="710" started-at="2020-05-27T09:43:01Z" finished-at="2020-05-27T09:43:01Z">
          <reporter-output>
          </reporter-output>
        </test-method> <!-- tearDownClass -->
      </class> <!-- parallel.TestRunnerParallel -->
    </test> <!-- Test -->
  </suite> <!-- Suite -->
</testng-results>
